# JRE version: Java(TM) SE Runtime Environment (20.0.2+9) (build 20.0.2+9-78)
# Java VM: Java HotSpot(TM) 64-Bit Server VM (20.0.2+9-78, mixed mode, sharing, tiered, compressed oops, compressed class ptrs, g1 gc, windows-amd64)
GC Precious Log:
 CardTable entry size: 512
 Card Set container configuration: InlinePtr #cards 4 size 8 Array Of Cards #cards 32 size 80 Howl #buckets 8 coarsen threshold 7372 Howl Bitmap #cards 1024 size 144 coarsen threshold 921 Card regions per heap region 1 cards per card region 8192
 CPUs: 16 total, 16 available
 Memory: 28356M
 Large Page Support: Disabled
 NUMA Support: Disabled
 Compressed Oops: Enabled (Zero based)
 Heap Region Size: 4M
 Heap Min Capacity: 8M
 Heap Initial Capacity: 444M
 Heap Max Capacity: 7092M
 Pre-touch: Disabled
 Parallel Workers: 13
 Concurrent Workers: 3
 Concurrent Refinement Workers: 13
 Periodic GC: Disabled
Heap:
 garbage-first heap   total 86016K, used 37101K [0x0000000644c00000, 0x0000000800000000)
  region size 4096K, 5 young (20480K), 2 survivors (8192K)
 Metaspace       used 54365K, committed 55040K, reserved 1114112K
  class space    used 6821K, committed 7104K, reserved 1048576K
GC Heap History (18 events):
Event: 1.254 GC heap before
{Heap before GC invocations=0 (full 0):
 garbage-first heap   total 454656K, used 16384K [0x0000000644c00000, 0x0000000800000000)
  region size 4096K, 5 young (20480K), 0 survivors (0K)
 Metaspace       used 3935K, committed 4096K, reserved 1114112K
  class space    used 415K, committed 512K, reserved 1048576K
}
Event: 1.257 GC heap after
{Heap after GC invocations=1 (full 0):
 garbage-first heap   total 454656K, used 7178K [0x0000000644c00000, 0x0000000800000000)
  region size 4096K, 1 young (4096K), 1 survivors (4096K)
 Metaspace       used 3935K, committed 4096K, reserved 1114112K
  class space    used 415K, committed 512K, reserved 1048576K
}
Event: 1.985 GC heap before
{Heap before GC invocations=1 (full 0):
 garbage-first heap   total 454656K, used 23562K [0x0000000644c00000, 0x0000000800000000)
  region size 4096K, 5 young (20480K), 1 survivors (4096K)
 Metaspace       used 8324K, committed 8576K, reserved 1114112K
  class space    used 991K, committed 1088K, reserved 1048576K
}
Event: 1.988 GC heap after
{Heap after GC invocations=2 (full 0):
 garbage-first heap   total 454656K, used 8663K [0x0000000644c00000, 0x0000000800000000)
  region size 4096K, 1 young (4096K), 1 survivors (4096K)
 Metaspace       used 8324K, committed 8576K, reserved 1114112K
  class space    used 991K, committed 1088K, reserved 1048576K
}
Event: 2.992 GC heap before
{Heap before GC invocations=2 (full 0):
 garbage-first heap   total 454656K, used 53719K [0x0000000644c00000, 0x0000000800000000)
  region size 4096K, 12 young (49152K), 1 survivors (4096K)
 Metaspace       used 17783K, committed 17984K, reserved 1114112K
  class space    used 2094K, committed 2176K, reserved 1048576K
}
Event: 2.996 GC heap after
{Heap after GC invocations=3 (full 0):
 garbage-first heap   total 454656K, used 12704K [0x0000000644c00000, 0x0000000800000000)
  region size 4096K, 2 young (8192K), 2 survivors (8192K)
 Metaspace       used 17783K, committed 17984K, reserved 1114112K
  class space    used 2094K, committed 2176K, reserved 1048576K
}
Event: 3.892 GC heap before
{Heap before GC invocations=3 (full 0):
 garbage-first heap   total 454656K, used 37280K [0x0000000644c00000, 0x0000000800000000)
  region size 4096K, 9 young (36864K), 2 survivors (8192K)
 Metaspace       used 21159K, committed 21504K, reserved 1114112K
  class space    used 2528K, committed 2688K, reserved 1048576K
}
Event: 3.896 GC heap after
{Heap after GC invocations=4 (full 0):
 garbage-first heap   total 454656K, used 14615K [0x0000000644c00000, 0x0000000800000000)
  region size 4096K, 2 young (8192K), 2 survivors (8192K)
 Metaspace       used 21159K, committed 21504K, reserved 1114112K
  class space    used 2528K, committed 2688K, reserved 1048576K
}
Event: 7.686 GC heap before
{Heap before GC invocations=5 (full 0):
 garbage-first heap   total 69632K, used 67863K [0x0000000644c00000, 0x0000000800000000)
  region size 4096K, 15 young (61440K), 2 survivors (8192K)
 Metaspace       used 34483K, committed 34880K, reserved 1114112K
  class space    used 4114K, committed 4288K, reserved 1048576K
}
Event: 7.694 GC heap after
{Heap after GC invocations=6 (full 0):
 garbage-first heap   total 86016K, used 19688K [0x0000000644c00000, 0x0000000800000000)
  region size 4096K, 4 young (16384K), 4 survivors (16384K)
 Metaspace       used 34483K, committed 34880K, reserved 1114112K
  class space    used 4114K, committed 4288K, reserved 1048576K
}
Event: 7.877 GC heap before
{Heap before GC invocations=6 (full 0):
 garbage-first heap   total 86016K, used 27880K [0x0000000644c00000, 0x0000000800000000)
  region size 4096K, 7 young (28672K), 4 survivors (16384K)
 Metaspace       used 35532K, committed 35968K, reserved 1114112K
  class space    used 4264K, committed 4480K, reserved 1048576K
}
Event: 7.885 GC heap after
{Heap after GC invocations=7 (full 0):
 garbage-first heap   total 86016K, used 21286K [0x0000000644c00000, 0x0000000800000000)
  region size 4096K, 1 young (4096K), 1 survivors (4096K)
 Metaspace       used 35532K, committed 35968K, reserved 1114112K
  class space    used 4264K, committed 4480K, reserved 1048576K
}
Event: 7.919 GC heap before
{Heap before GC invocations=7 (full 0):
 garbage-first heap   total 86016K, used 21286K [0x0000000644c00000, 0x0000000800000000)
  region size 4096K, 2 young (8192K), 1 survivors (4096K)
 Metaspace       used 35765K, committed 36288K, reserved 1114112K
  class space    used 4293K, committed 4544K, reserved 1048576K
}
Event: 7.921 GC heap after
{Heap after GC invocations=8 (full 0):
 garbage-first heap   total 86016K, used 20373K [0x0000000644c00000, 0x0000000800000000)
  region size 4096K, 1 young (4096K), 1 survivors (4096K)
 Metaspace       used 35765K, committed 36288K, reserved 1114112K
  class space    used 4293K, committed 4544K, reserved 1048576K
}
Event: 9.873 GC heap before
{Heap before GC invocations=9 (full 0):
 garbage-first heap   total 86016K, used 65429K [0x0000000644c00000, 0x0000000800000000)
  region size 4096K, 12 young (49152K), 1 survivors (4096K)
 Metaspace       used 43590K, committed 44224K, reserved 1114112K
  class space    used 5460K, committed 5760K, reserved 1048576K
}
Event: 9.877 GC heap after
{Heap after GC invocations=10 (full 0):
 garbage-first heap   total 86016K, used 24083K [0x0000000644c00000, 0x0000000800000000)
  region size 4096K, 2 young (8192K), 2 survivors (8192K)
 Metaspace       used 43590K, committed 44224K, reserved 1114112K
  class space    used 5460K, committed 5760K, reserved 1048576K
}
Event: 93.363 GC heap before
{Heap before GC invocations=10 (full 0):
 garbage-first heap   total 86016K, used 65043K [0x0000000644c00000, 0x0000000800000000)
  region size 4096K, 12 young (49152K), 2 survivors (8192K)
 Metaspace       used 52798K, committed 53376K, reserved 1114112K
  class space    used 6673K, committed 6912K, reserved 1048576K
}
Event: 93.376 GC heap after
{Heap after GC invocations=11 (full 0):
 garbage-first heap   total 86016K, used 28909K [0x0000000644c00000, 0x0000000800000000)
  region size 4096K, 2 young (8192K), 2 survivors (8192K)
 Metaspace       used 52798K, committed 53376K, reserved 1114112K
  class space    used 6673K, committed 6912K, reserved 1048576K
}

